<?xml version="1.0" encoding="UTF-8"?>
<!-- Generated by org.testng.reporters.JUnitReportReporter -->
<testsuite hostname="ATMECSBLRLT-030" failures="0" tests="1" name="pageActions.LoginClass" time="6.440" errors="0" timestamp="01 Oct 2020 05:46:25 GMT" skipped="0">
  <testcase classname="pageActions.LoginClass" name="login" time="6.440"/>
</testsuite> <!-- pageActions.LoginClass -->
