<?xml version="1.0" encoding="UTF-8"?>
<!-- Generated by org.testng.reporters.JUnitReportReporter -->
<testsuite hostname="ATMECSBLRLT-030" failures="0" tests="1" name="pageActions.SignupClass" time="9.176" errors="0" timestamp="01 Oct 2020 05:46:25 GMT" skipped="0">
  <testcase classname="pageActions.SignupClass" name="signup" time="9.176"/>
</testsuite> <!-- pageActions.SignupClass -->
