<?xml version="1.0" encoding="UTF-8"?>
<!-- Generated by org.testng.reporters.JUnitReportReporter -->
<testsuite hostname="ATMECSBLRLT-030" failures="0" tests="1" name="com.atmecs.demoblaze.SignupPage" time="8.388" errors="0" timestamp="29 Sep 2020 08:39:39 GMT" skipped="0">
  <testcase classname="com.atmecs.demoblaze.SignupPage" name="signUpMethod" time="8.388"/>
</testsuite> <!-- com.atmecs.demoblaze.SignupPage -->
